2021-01-17 11:38:28.404  INFO 9784 --- [main] com.api.EasyLabApiApplication            : Starting EasyLabApiApplication using Java 15.0.1 on DESKTOP-JVG4FTO with PID 9784 (D:\Documentos\APISpringBoot\workspace-spring-tool-suite-4-EasyLab\EasyLab-API\target\classes started by LENOVO in D:\Documentos\APISpringBoot\workspace-spring-tool-suite-4-EasyLab\EasyLab-API)
2021-01-17 11:38:28.405  INFO 9784 --- [main] com.api.EasyLabApiApplication            : No active profile set, falling back to default profiles: default
2021-01-17 11:38:28.893  INFO 9784 --- [main] .s.d.r.c.RepositoryConfigurationDelegate : Bootstrapping Spring Data JPA repositories in DEFAULT mode.
2021-01-17 11:38:29.001  INFO 9784 --- [main] .s.d.r.c.RepositoryConfigurationDelegate : Finished Spring Data repository scanning in 102 ms. Found 1 JPA repository interfaces.
2021-01-17 11:38:29.479  INFO 9784 --- [main] o.s.b.w.embedded.tomcat.TomcatWebServer  : Tomcat initialized with port(s): 8080 (http)
2021-01-17 11:38:29.490  INFO 9784 --- [main] o.apache.catalina.core.StandardService   : Starting service [Tomcat]
2021-01-17 11:38:29.491  INFO 9784 --- [main] org.apache.catalina.core.StandardEngine  : Starting Servlet engine: [Apache Tomcat/9.0.41]
2021-01-17 11:38:29.602  INFO 9784 --- [main] o.a.c.c.C.[.[localhost].[/ApiRest]       : Initializing Spring embedded WebApplicationContext
2021-01-17 11:38:29.603  INFO 9784 --- [main] w.s.c.ServletWebServerApplicationContext : Root WebApplicationContext: initialization completed in 1165 ms
2021-01-17 11:38:29.748  INFO 9784 --- [main] com.zaxxer.hikari.HikariDataSource       : HikariPool-1 - Starting...
2021-01-17 11:38:34.354  INFO 9784 --- [main] com.zaxxer.hikari.HikariDataSource       : HikariPool-1 - Start completed.
2021-01-17 11:38:34.422  INFO 9784 --- [main] o.hibernate.jpa.internal.util.LogHelper  : HHH000204: Processing PersistenceUnitInfo [name: default]
2021-01-17 11:38:34.459  INFO 9784 --- [main] org.hibernate.Version                    : HHH000412: Hibernate ORM core version 5.4.27.Final
2021-01-17 11:38:34.573  INFO 9784 --- [main] o.hibernate.annotations.common.Version   : HCANN000001: Hibernate Commons Annotations {5.1.2.Final}
2021-01-17 11:38:34.657  INFO 9784 --- [main] org.hibernate.dialect.Dialect            : HHH000400: Using dialect: org.hibernate.dialect.MySQL55Dialect
2021-01-17 11:38:35.015  INFO 9784 --- [main] o.h.e.t.j.p.i.JtaPlatformInitiator       : HHH000490: Using JtaPlatform implementation: [org.hibernate.engine.transaction.jta.platform.internal.NoJtaPlatform]
2021-01-17 11:38:35.021  INFO 9784 --- [main] j.LocalContainerEntityManagerFactoryBean : Initialized JPA EntityManagerFactory for persistence unit 'default'
2021-01-17 11:38:35.265  WARN 9784 --- [main] JpaBaseConfiguration$JpaWebConfiguration : spring.jpa.open-in-view is enabled by default. Therefore, database queries may be performed during view rendering. Explicitly configure spring.jpa.open-in-view to disable this warning
2021-01-17 11:38:35.304  INFO 9784 --- [main] o.s.s.concurrent.ThreadPoolTaskExecutor  : Initializing ExecutorService 'applicationTaskExecutor'
2021-01-17 11:38:35.484  INFO 9784 --- [main] o.s.b.w.embedded.tomcat.TomcatWebServer  : Tomcat started on port(s): 8080 (http) with context path '/ApiRest'
2021-01-17 11:38:35.490  INFO 9784 --- [main] com.api.EasyLabApiApplication            : Started EasyLabApiApplication in 7.407 seconds (JVM running for 8.112)
2021-01-17 11:38:50.147  INFO 9784 --- [http-nio-8080-exec-1] o.a.c.c.C.[.[localhost].[/ApiRest]       : Initializing Spring DispatcherServlet 'dispatcherServlet'
2021-01-17 11:38:50.148  INFO 9784 --- [http-nio-8080-exec-1] o.s.web.servlet.DispatcherServlet        : Initializing Servlet 'dispatcherServlet'
2021-01-17 11:38:50.150  INFO 9784 --- [http-nio-8080-exec-1] o.s.web.servlet.DispatcherServlet        : Completed initialization in 2 ms
2021-01-17 11:56:07.133  INFO 9784 --- [RMI TCP Connection(26)-127.0.0.1] inMXBeanRegistrar$SpringApplicationAdmin : Application shutdown requested.
2021-01-17 11:56:07.179  INFO 9784 --- [RMI TCP Connection(26)-127.0.0.1] o.s.s.concurrent.ThreadPoolTaskExecutor  : Shutting down ExecutorService 'applicationTaskExecutor'
2021-01-17 11:56:07.180  INFO 9784 --- [RMI TCP Connection(26)-127.0.0.1] j.LocalContainerEntityManagerFactoryBean : Closing JPA EntityManagerFactory for persistence unit 'default'
2021-01-17 11:56:07.182  INFO 9784 --- [RMI TCP Connection(26)-127.0.0.1] com.zaxxer.hikari.HikariDataSource       : HikariPool-1 - Shutdown initiated...
2021-01-17 11:56:07.187  INFO 9784 --- [RMI TCP Connection(26)-127.0.0.1] com.zaxxer.hikari.HikariDataSource       : HikariPool-1 - Shutdown completed.
2021-01-17 11:56:15.455  INFO 6432 --- [main] com.api.EasyLabApiApplication            : Starting EasyLabApiApplication using Java 15.0.1 on DESKTOP-JVG4FTO with PID 6432 (D:\Documentos\APISpringBoot\workspace-spring-tool-suite-4-EasyLab\EasyLab-API\target\classes started by LENOVO in D:\Documentos\APISpringBoot\workspace-spring-tool-suite-4-EasyLab\EasyLab-API)
2021-01-17 11:56:15.458  INFO 6432 --- [main] com.api.EasyLabApiApplication            : No active profile set, falling back to default profiles: default
2021-01-17 11:56:15.856  INFO 6432 --- [main] .s.d.r.c.RepositoryConfigurationDelegate : Bootstrapping Spring Data JPA repositories in DEFAULT mode.
2021-01-17 11:56:15.956  INFO 6432 --- [main] .s.d.r.c.RepositoryConfigurationDelegate : Finished Spring Data repository scanning in 95 ms. Found 1 JPA repository interfaces.
2021-01-17 11:56:16.277  INFO 6432 --- [main] o.s.b.w.embedded.tomcat.TomcatWebServer  : Tomcat initialized with port(s): 8080 (http)
2021-01-17 11:56:16.284  INFO 6432 --- [main] o.apache.catalina.core.StandardService   : Starting service [Tomcat]
2021-01-17 11:56:16.284  INFO 6432 --- [main] org.apache.catalina.core.StandardEngine  : Starting Servlet engine: [Apache Tomcat/9.0.41]
2021-01-17 11:56:16.369  INFO 6432 --- [main] o.a.c.c.C.[.[localhost].[/ApiRest]       : Initializing Spring embedded WebApplicationContext
2021-01-17 11:56:16.369  INFO 6432 --- [main] w.s.c.ServletWebServerApplicationContext : Root WebApplicationContext: initialization completed in 882 ms
2021-01-17 11:56:16.473  INFO 6432 --- [main] com.zaxxer.hikari.HikariDataSource       : HikariPool-1 - Starting...
2021-01-17 11:56:21.247  INFO 6432 --- [main] com.zaxxer.hikari.HikariDataSource       : HikariPool-1 - Start completed.
2021-01-17 11:56:21.279  INFO 6432 --- [main] o.hibernate.jpa.internal.util.LogHelper  : HHH000204: Processing PersistenceUnitInfo [name: default]
2021-01-17 11:56:21.310  INFO 6432 --- [main] org.hibernate.Version                    : HHH000412: Hibernate ORM core version 5.4.27.Final
2021-01-17 11:56:21.396  INFO 6432 --- [main] o.hibernate.annotations.common.Version   : HCANN000001: Hibernate Commons Annotations {5.1.2.Final}
2021-01-17 11:56:21.492  INFO 6432 --- [main] org.hibernate.dialect.Dialect            : HHH000400: Using dialect: org.hibernate.dialect.MySQL55Dialect
2021-01-17 11:56:21.848  INFO 6432 --- [main] o.h.e.t.j.p.i.JtaPlatformInitiator       : HHH000490: Using JtaPlatform implementation: [org.hibernate.engine.transaction.jta.platform.internal.NoJtaPlatform]
2021-01-17 11:56:21.854  INFO 6432 --- [main] j.LocalContainerEntityManagerFactoryBean : Initialized JPA EntityManagerFactory for persistence unit 'default'
2021-01-17 11:56:22.041  WARN 6432 --- [main] JpaBaseConfiguration$JpaWebConfiguration : spring.jpa.open-in-view is enabled by default. Therefore, database queries may be performed during view rendering. Explicitly configure spring.jpa.open-in-view to disable this warning
2021-01-17 11:56:22.085  INFO 6432 --- [main] o.s.s.concurrent.ThreadPoolTaskExecutor  : Initializing ExecutorService 'applicationTaskExecutor'
2021-01-17 11:56:22.277  INFO 6432 --- [main] o.s.b.w.embedded.tomcat.TomcatWebServer  : Tomcat started on port(s): 8080 (http) with context path '/ApiRest'
2021-01-17 11:56:22.286  INFO 6432 --- [main] com.api.EasyLabApiApplication            : Started EasyLabApiApplication in 7.084 seconds (JVM running for 7.636)
2021-01-17 11:56:29.049  INFO 6432 --- [http-nio-8080-exec-1] o.a.c.c.C.[.[localhost].[/ApiRest]       : Initializing Spring DispatcherServlet 'dispatcherServlet'
2021-01-17 11:56:29.050  INFO 6432 --- [http-nio-8080-exec-1] o.s.web.servlet.DispatcherServlet        : Initializing Servlet 'dispatcherServlet'
2021-01-17 11:56:29.050  INFO 6432 --- [http-nio-8080-exec-1] o.s.web.servlet.DispatcherServlet        : Completed initialization in 0 ms
